<?xml version="1.0" encoding="UTF-8"?>
<!-- Generated by org.testng.reporters.JUnitReportReporter -->
<testsuite hostname="Keya" name="runway.moda.automation.web.CustomerLogin" tests="1" failures="0" timestamp="3 Oct 2016 06:08:59 GMT" time="60.914" errors="0">
  <testcase name="customerLogin" time="60.914" classname="runway.moda.automation.web.CustomerLogin"/>
</testsuite> <!-- runway.moda.automation.web.CustomerLogin -->
